<?xml version="1.0" encoding="UTF-8"?>
<!-- Generated by org.testng.reporters.JUnitReportReporter -->
<testsuite hostname="DESKTOP-VO2MJTC" failures="0" tests="1" name="qa.testscripts.AMA1" time="30.319" errors="0" timestamp="16 Jun 2021 16:10:41 GMT" skipped="0">
  <testcase classname="qa.testscripts.AMA1" name="VerifyCart" time="30.319"/>
</testsuite> <!-- qa.testscripts.AMA1 -->
