<?xml version="1.0" encoding="UTF-8"?>
<!-- Generated by org.testng.reporters.JUnitReportReporter -->
<testsuite hostname="DESKTOP-VO2MJTC" failures="0" tests="1" name="qa.testscripts.AUT9" time="14.281" errors="0" timestamp="01 Jun 2021 17:33:38 GMT" skipped="0">
  <testcase classname="qa.testscripts.AUT9" name="VerifyDiscount" time="14.281"/>
</testsuite> <!-- qa.testscripts.AUT9 -->
