<?xml version="1.0" encoding="UTF-8"?>
<!-- Generated by org.testng.reporters.JUnitReportReporter -->
<testsuite hostname="DESKTOP-VO2MJTC" failures="0" tests="1" name="qa.programs.SwapWOvar" time="9.136" errors="0" timestamp="07 Apr 2021 19:26:08 GMT" skipped="0">
  <testcase classname="qa.programs.SwapWOvar" name="swapno" time="9.136"/>
</testsuite> <!-- qa.programs.SwapWOvar -->
