<?xml version="1.0" encoding="UTF-8"?>
<!-- Generated by org.testng.reporters.JUnitReportReporter -->
<testsuite hostname="DESKTOP-VO2MJTC" failures="0" tests="1" name="qa.testscripts.TestGuruLogin" time="13.089" errors="0" timestamp="03 Mar 2021 14:49:09 GMT" skipped="0">
  <testcase classname="qa.testscripts.TestGuruLogin" name="GuruLogin" time="13.089"/>
</testsuite> <!-- qa.testscripts.TestGuruLogin -->
