<?xml version="1.0" encoding="UTF-8"?>
<!-- Generated by org.testng.reporters.JUnitReportReporter -->
<testsuite hostname="DESKTOP-VO2MJTC" failures="0" tests="1" name="qa.programs.OddOrEven" time="6.066" errors="0" timestamp="07 Apr 2021 19:14:26 GMT" skipped="0">
  <testcase classname="qa.programs.OddOrEven" name="findeven" time="6.066"/>
</testsuite> <!-- qa.programs.OddOrEven -->
