<?xml version="1.0" encoding="UTF-8"?>
<!-- Generated by org.testng.reporters.JUnitReportReporter -->
<testsuite hostname="DESKTOP-VO2MJTC" failures="0" tests="1" name="qa.testscripts.AUT3" time="19.978" errors="0" timestamp="16 Mar 2021 16:01:12 GMT" skipped="0">
  <testcase classname="qa.testscripts.AUT3" name="VerifyCart" time="19.978"/>
</testsuite> <!-- qa.testscripts.AUT3 -->
