<?xml version="1.0" encoding="UTF-8"?>
<!-- Generated by org.testng.reporters.JUnitReportReporter -->
<testsuite hostname="DESKTOP-VO2MJTC" failures="0" tests="1" name="qa.testscripts.ColorsTest" time="101.509" errors="0" timestamp="29 Mar 2021 15:49:52 GMT" skipped="0">
  <testcase classname="qa.testscripts.ColorsTest" name="GetColor" time="101.509"/>
</testsuite> <!-- qa.testscripts.ColorsTest -->
