<?xml version="1.0" encoding="UTF-8"?>
<!-- Generated by org.testng.reporters.JUnitReportReporter -->
<testsuite hostname="DESKTOP-VO2MJTC" failures="0" tests="1" name="qa.testscripts.AUT2" time="14.609" errors="0" timestamp="12 Mar 2021 19:21:39 GMT" skipped="0">
  <testcase classname="qa.testscripts.AUT2" name="VerifyXperiaPrice" time="14.609"/>
</testsuite> <!-- qa.testscripts.AUT2 -->
