<?xml version="1.0" encoding="UTF-8"?>
<!-- Generated by org.testng.reporters.JUnitReportReporter -->
<testsuite hostname="DESKTOP-VO2MJTC" failures="0" tests="1" name="qa.testscripts.AUT7" time="12.076" errors="0" timestamp="31 May 2021 16:03:57 GMT" skipped="0">
  <testcase classname="qa.testscripts.AUT7" name="Verify" time="12.076"/>
</testsuite> <!-- qa.testscripts.AUT7 -->
